2025-04-03 10:15:44,196 INFO [background-preinit] o.h.validator.internal.util.Version - HV000001: Hibernate Validator 8.0.2.Final
2025-04-03 10:15:44,314 INFO [main] com.fixit.FixIt.FixItApplication - Starting FixItApplication using Java 23.0.2 with PID 6549 (/home/tarunkumar/projects/FixIt/target/classes started by tarunkumar in /home/tarunkumar/projects/FixIt)
2025-04-03 10:15:44,317 DEBUG [main] com.fixit.FixIt.FixItApplication - Running with Spring Boot v3.4.4, Spring v6.2.5
2025-04-03 10:15:44,318 INFO [main] com.fixit.FixIt.FixItApplication - No active profile set, falling back to 1 default profile: "default"
2025-04-03 10:15:46,272 INFO [main] o.s.b.w.e.tomcat.TomcatWebServer - Tomcat initialized with port 8000 (http)
2025-04-03 10:15:46,296 INFO [main] o.a.coyote.http11.Http11NioProtocol - Initializing ProtocolHandler ["http-nio-0.0.0.0-8000"]
2025-04-03 10:15:46,302 INFO [main] o.a.catalina.core.StandardService - Starting service [Tomcat]
2025-04-03 10:15:46,303 INFO [main] o.a.catalina.core.StandardEngine - Starting Servlet engine: [Apache Tomcat/10.1.39]
2025-04-03 10:15:46,401 INFO [main] o.a.c.c.C.[Tomcat].[localhost].[/] - Initializing Spring embedded WebApplicationContext
2025-04-03 10:15:46,403 INFO [main] o.s.b.w.s.c.ServletWebServerApplicationContext - Root WebApplicationContext: initialization completed in 1931 ms
2025-04-03 10:15:46,541 DEBUG [main] c.f.F.s.FirebaseAuthenticationFilter - Filter 'firebaseAuthenticationFilter' configured for use
2025-04-03 10:15:46,561 INFO [main] c.f.FixIt.config.EnvironmentConfig - Validating environment variables...
2025-04-03 10:15:46,564 WARN [main] o.s.b.w.s.c.AnnotationConfigServletWebServerApplicationContext - Exception encountered during context initialization - cancelling refresh attempt: org.springframework.beans.factory.BeanCreationException: Error creating bean with name 'environmentConfig': Invocation of init method failed
2025-04-03 10:15:46,571 INFO [main] o.a.catalina.core.StandardService - Stopping service [Tomcat]
2025-04-03 10:15:46,598 INFO [main] o.s.b.a.l.ConditionEvaluationReportLogger - 

Error starting ApplicationContext. To display the condition evaluation report re-run your application with 'debug' enabled.
2025-04-03 10:15:46,637 ERROR [main] o.s.boot.SpringApplication - Application run failed
org.springframework.beans.factory.BeanCreationException: Error creating bean with name 'environmentConfig': Invocation of init method failed
	at org.springframework.beans.factory.annotation.InitDestroyAnnotationBeanPostProcessor.postProcessBeforeInitialization(InitDestroyAnnotationBeanPostProcessor.java:222)
	at org.springframework.beans.factory.support.AbstractAutowireCapableBeanFactory.applyBeanPostProcessorsBeforeInitialization(AbstractAutowireCapableBeanFactory.java:423)
	at org.springframework.beans.factory.support.AbstractAutowireCapableBeanFactory.initializeBean(AbstractAutowireCapableBeanFactory.java:1804)
	at org.springframework.beans.factory.support.AbstractAutowireCapableBeanFactory.doCreateBean(AbstractAutowireCapableBeanFactory.java:601)
	at org.springframework.beans.factory.support.AbstractAutowireCapableBeanFactory.createBean(AbstractAutowireCapableBeanFactory.java:523)
	at org.springframework.beans.factory.support.AbstractBeanFactory.lambda$doGetBean$0(AbstractBeanFactory.java:339)
	at org.springframework.beans.factory.support.DefaultSingletonBeanRegistry.getSingleton(DefaultSingletonBeanRegistry.java:347)
	at org.springframework.beans.factory.support.AbstractBeanFactory.doGetBean(AbstractBeanFactory.java:337)
	at org.springframework.beans.factory.support.AbstractBeanFactory.getBean(AbstractBeanFactory.java:202)
	at org.springframework.beans.factory.support.DefaultListableBeanFactory.instantiateSingleton(DefaultListableBeanFactory.java:1155)
	at org.springframework.beans.factory.support.DefaultListableBeanFactory.preInstantiateSingleton(DefaultListableBeanFactory.java:1121)
	at org.springframework.beans.factory.support.DefaultListableBeanFactory.preInstantiateSingletons(DefaultListableBeanFactory.java:1056)
	at org.springframework.context.support.AbstractApplicationContext.finishBeanFactoryInitialization(AbstractApplicationContext.java:987)
	at org.springframework.context.support.AbstractApplicationContext.refresh(AbstractApplicationContext.java:627)
	at org.springframework.boot.web.servlet.context.ServletWebServerApplicationContext.refresh(ServletWebServerApplicationContext.java:146)
	at org.springframework.boot.SpringApplication.refresh(SpringApplication.java:752)
	at org.springframework.boot.SpringApplication.refreshContext(SpringApplication.java:439)
	at org.springframework.boot.SpringApplication.run(SpringApplication.java:318)
	at org.springframework.boot.SpringApplication.run(SpringApplication.java:1361)
	at org.springframework.boot.SpringApplication.run(SpringApplication.java:1350)
	at com.fixit.FixIt.FixItApplication.main(FixItApplication.java:10)
Caused by: org.springframework.util.PlaceholderResolutionException: Could not resolve placeholder 'FIREBASE_PROJECT_ID' in value "${FIREBASE_PROJECT_ID}"
	at org.springframework.util.PlaceholderResolutionException.withValue(PlaceholderResolutionException.java:81)
	at org.springframework.util.PlaceholderParser$ParsedValue.resolve(PlaceholderParser.java:423)
	at org.springframework.util.PlaceholderParser.replacePlaceholders(PlaceholderParser.java:128)
	at org.springframework.util.PropertyPlaceholderHelper.parseStringValue(PropertyPlaceholderHelper.java:118)
	at org.springframework.util.PropertyPlaceholderHelper.replacePlaceholders(PropertyPlaceholderHelper.java:114)
	at org.springframework.core.env.AbstractPropertyResolver.doResolvePlaceholders(AbstractPropertyResolver.java:255)
	at org.springframework.core.env.AbstractPropertyResolver.resolveRequiredPlaceholders(AbstractPropertyResolver.java:226)
	at org.springframework.core.env.AbstractPropertyResolver.resolveNestedPlaceholders(AbstractPropertyResolver.java:246)
	at org.springframework.boot.context.properties.source.ConfigurationPropertySourcesPropertyResolver.getProperty(ConfigurationPropertySourcesPropertyResolver.java:81)
	at org.springframework.boot.context.properties.source.ConfigurationPropertySourcesPropertyResolver.getProperty(ConfigurationPropertySourcesPropertyResolver.java:62)
	at org.springframework.core.env.AbstractEnvironment.getProperty(AbstractEnvironment.java:557)
	at com.fixit.FixIt.config.EnvironmentConfig.checkEnvVariable(EnvironmentConfig.java:42)
	at com.fixit.FixIt.config.EnvironmentConfig.validateEnvironmentVariables(EnvironmentConfig.java:30)
	at java.base/jdk.internal.reflect.DirectMethodHandleAccessor.invoke(DirectMethodHandleAccessor.java:103)
	at java.base/java.lang.reflect.Method.invoke(Method.java:580)
	at org.springframework.beans.factory.annotation.InitDestroyAnnotationBeanPostProcessor$LifecycleMethod.invoke(InitDestroyAnnotationBeanPostProcessor.java:457)
	at org.springframework.beans.factory.annotation.InitDestroyAnnotationBeanPostProcessor$LifecycleMetadata.invokeInitMethods(InitDestroyAnnotationBeanPostProcessor.java:401)
	at org.springframework.beans.factory.annotation.InitDestroyAnnotationBeanPostProcessor.postProcessBeforeInitialization(InitDestroyAnnotationBeanPostProcessor.java:219)
	... 20 common frames omitted
2025-04-03 10:18:20,292 INFO [background-preinit] o.h.validator.internal.util.Version - HV000001: Hibernate Validator 8.0.2.Final
2025-04-03 10:18:20,427 INFO [main] com.fixit.FixIt.FixItApplication - Starting FixItApplication using Java 23.0.2 with PID 8052 (/home/tarunkumar/projects/FixIt/target/classes started by tarunkumar in /home/tarunkumar/projects/FixIt)
2025-04-03 10:18:20,428 DEBUG [main] com.fixit.FixIt.FixItApplication - Running with Spring Boot v3.4.4, Spring v6.2.5
2025-04-03 10:18:20,430 INFO [main] com.fixit.FixIt.FixItApplication - No active profile set, falling back to 1 default profile: "default"
2025-04-03 10:18:21,979 INFO [main] o.s.b.w.e.tomcat.TomcatWebServer - Tomcat initialized with port 8000 (http)
2025-04-03 10:18:21,997 INFO [main] o.a.coyote.http11.Http11NioProtocol - Initializing ProtocolHandler ["http-nio-0.0.0.0-8000"]
2025-04-03 10:18:22,000 INFO [main] o.a.catalina.core.StandardService - Starting service [Tomcat]
2025-04-03 10:18:22,000 INFO [main] o.a.catalina.core.StandardEngine - Starting Servlet engine: [Apache Tomcat/10.1.39]
2025-04-03 10:18:22,071 INFO [main] o.a.c.c.C.[Tomcat].[localhost].[/] - Initializing Spring embedded WebApplicationContext
2025-04-03 10:18:22,073 INFO [main] o.s.b.w.s.c.ServletWebServerApplicationContext - Root WebApplicationContext: initialization completed in 1543 ms
2025-04-03 10:18:22,149 DEBUG [main] c.f.F.s.FirebaseAuthenticationFilter - Filter 'firebaseAuthenticationFilter' configured for use
2025-04-03 10:18:22,166 INFO [main] c.f.FixIt.config.EnvironmentConfig - Validating environment variables...
2025-04-03 10:18:22,167 INFO [main] c.f.FixIt.config.EnvironmentConfig - Environment variable FIREBASE_PROJECT_ID is properly configured
2025-04-03 10:18:22,168 INFO [main] c.f.FixIt.config.EnvironmentConfig - Environment variable FIREBASE_STORAGE_BUCKET is properly configured
2025-04-03 10:18:22,169 INFO [main] c.f.FixIt.config.EnvironmentConfig - Environment variable FIREBASE_API_KEY is properly configured
2025-04-03 10:18:22,170 INFO [main] c.f.FixIt.config.EnvironmentConfig - Environment variable JWT_EXPIRATION is properly configured
2025-04-03 10:18:22,170 INFO [main] c.f.FixIt.config.EnvironmentConfig - Environment variable JWT_REFRESH_EXPIRATION is properly configured
2025-04-03 10:18:22,170 INFO [main] c.f.FixIt.config.EnvironmentConfig - Environment validation complete
2025-04-03 10:18:22,262 INFO [main] c.fixit.FixIt.config.FirebaseConfig - Initializing Firebase application with projectId: fixit-a7775
2025-04-03 10:18:22,279 DEBUG [main] c.fixit.FixIt.config.FirebaseConfig - Attempting to load firebase-service-account.json
2025-04-03 10:18:22,280 DEBUG [main] c.fixit.FixIt.config.FirebaseConfig - Found service account file in classpath
2025-04-03 10:18:22,280 INFO [main] c.fixit.FixIt.config.FirebaseConfig - Successfully loaded Firebase service account credentials
2025-04-03 10:18:22,405 INFO [main] c.fixit.FixIt.config.FirebaseConfig - Firebase options configured successfully
2025-04-03 10:18:22,506 WARN [main] o.s.b.a.s.s.UserDetailsServiceAutoConfiguration - 

Using generated security password: 9c3f6a2f-b9d1-4d7c-80f0-8cb2983789c5

This generated password is for development use only. Your security configuration must be updated before running your application in production.

2025-04-03 10:18:22,556 INFO [main] o.s.s.c.a.a.c.InitializeUserDetailsBeanManagerConfigurer$InitializeUserDetailsManagerConfigurer - Global AuthenticationManager configured with UserDetailsService bean with name inMemoryUserDetailsManager
2025-04-03 10:18:23,146 INFO [main] o.a.coyote.http11.Http11NioProtocol - Starting ProtocolHandler ["http-nio-0.0.0.0-8000"]
2025-04-03 10:18:23,191 INFO [main] o.s.b.w.e.tomcat.TomcatWebServer - Tomcat started on port 8000 (http) with context path '/'
2025-04-03 10:18:23,203 INFO [main] com.fixit.FixIt.FixItApplication - Started FixItApplication in 3.639 seconds (process running for 4.228)
2025-04-03 10:18:42,321 INFO [SpringApplicationShutdownHook] o.s.b.w.e.tomcat.GracefulShutdown - Commencing graceful shutdown. Waiting for active requests to complete
2025-04-03 10:18:42,350 INFO [tomcat-shutdown] o.s.b.w.e.tomcat.GracefulShutdown - Graceful shutdown complete
2025-04-03 10:20:26,071 INFO [background-preinit] o.h.validator.internal.util.Version - HV000001: Hibernate Validator 8.0.2.Final
2025-04-03 10:20:26,174 INFO [main] com.fixit.FixIt.FixItApplication - Starting FixItApplication using Java 23.0.2 with PID 8977 (/home/tarunkumar/projects/FixIt/target/classes started by tarunkumar in /home/tarunkumar/projects/FixIt)
2025-04-03 10:20:26,175 DEBUG [main] com.fixit.FixIt.FixItApplication - Running with Spring Boot v3.4.4, Spring v6.2.5
2025-04-03 10:20:26,177 INFO [main] com.fixit.FixIt.FixItApplication - No active profile set, falling back to 1 default profile: "default"
2025-04-03 10:20:27,876 INFO [main] o.s.b.w.e.tomcat.TomcatWebServer - Tomcat initialized with port 8000 (http)
2025-04-03 10:20:27,895 INFO [main] o.a.coyote.http11.Http11NioProtocol - Initializing ProtocolHandler ["http-nio-0.0.0.0-8000"]
2025-04-03 10:20:27,899 INFO [main] o.a.catalina.core.StandardService - Starting service [Tomcat]
2025-04-03 10:20:27,899 INFO [main] o.a.catalina.core.StandardEngine - Starting Servlet engine: [Apache Tomcat/10.1.39]
2025-04-03 10:20:27,978 INFO [main] o.a.c.c.C.[Tomcat].[localhost].[/] - Initializing Spring embedded WebApplicationContext
2025-04-03 10:20:27,980 INFO [main] o.s.b.w.s.c.ServletWebServerApplicationContext - Root WebApplicationContext: initialization completed in 1592 ms
2025-04-03 10:20:28,057 DEBUG [main] c.f.F.s.FirebaseAuthenticationFilter - Filter 'firebaseAuthenticationFilter' configured for use
2025-04-03 10:20:28,073 INFO [main] c.f.FixIt.config.EnvironmentConfig - Validating environment variables...
2025-04-03 10:20:28,075 WARN [main] c.f.FixIt.config.EnvironmentConfig - Environment variable FIREBASE_PROJECT_ID not set, using default value
2025-04-03 10:20:28,076 WARN [main] c.f.FixIt.config.EnvironmentConfig - Environment variable FIREBASE_STORAGE_BUCKET not set, using default value
2025-04-03 10:20:28,076 WARN [main] c.f.FixIt.config.EnvironmentConfig - Environment variable FIREBASE_API_KEY not set, using default value
2025-04-03 10:20:28,077 WARN [main] c.f.FixIt.config.EnvironmentConfig - Environment variable JWT_EXPIRATION not set, using default value
2025-04-03 10:20:28,077 WARN [main] c.f.FixIt.config.EnvironmentConfig - Environment variable JWT_REFRESH_EXPIRATION not set, using default value
2025-04-03 10:20:28,077 INFO [main] c.f.FixIt.config.EnvironmentConfig - Environment validation complete
2025-04-03 10:20:28,150 INFO [main] c.fixit.FixIt.config.FirebaseConfig - Initializing Firebase application with projectId: fixit-a7775
2025-04-03 10:20:28,156 DEBUG [main] c.fixit.FixIt.config.FirebaseConfig - Attempting to load firebase-service-account.json
2025-04-03 10:20:28,157 DEBUG [main] c.fixit.FixIt.config.FirebaseConfig - Found service account file in classpath
2025-04-03 10:20:28,157 INFO [main] c.fixit.FixIt.config.FirebaseConfig - Successfully loaded Firebase service account credentials
2025-04-03 10:20:28,228 INFO [main] c.fixit.FixIt.config.FirebaseConfig - Firebase options configured successfully
2025-04-03 10:20:28,314 WARN [main] o.s.b.a.s.s.UserDetailsServiceAutoConfiguration - 

Using generated security password: ab3a5091-e293-4c43-8923-ec1d3f841ee2

This generated password is for development use only. Your security configuration must be updated before running your application in production.

2025-04-03 10:20:28,339 INFO [main] o.s.s.c.a.a.c.InitializeUserDetailsBeanManagerConfigurer$InitializeUserDetailsManagerConfigurer - Global AuthenticationManager configured with UserDetailsService bean with name inMemoryUserDetailsManager
2025-04-03 10:20:28,862 INFO [main] o.a.coyote.http11.Http11NioProtocol - Starting ProtocolHandler ["http-nio-0.0.0.0-8000"]
2025-04-03 10:20:28,903 INFO [main] o.s.b.w.e.tomcat.TomcatWebServer - Tomcat started on port 8000 (http) with context path '/'
2025-04-03 10:20:28,930 INFO [main] com.fixit.FixIt.FixItApplication - Started FixItApplication in 3.949 seconds (process running for 4.636)
2025-04-03 10:20:50,788 INFO [SpringApplicationShutdownHook] o.s.b.w.e.tomcat.GracefulShutdown - Commencing graceful shutdown. Waiting for active requests to complete
2025-04-03 10:20:50,802 INFO [tomcat-shutdown] o.s.b.w.e.tomcat.GracefulShutdown - Graceful shutdown complete
2025-04-03 10:21:12,770 INFO [background-preinit] o.h.validator.internal.util.Version - HV000001: Hibernate Validator 8.0.2.Final
2025-04-03 10:21:12,874 INFO [main] com.fixit.FixIt.FixItApplication - Starting FixItApplication using Java 23.0.2 with PID 9417 (/home/tarunkumar/projects/FixIt/target/classes started by tarunkumar in /home/tarunkumar/projects/FixIt)
2025-04-03 10:21:12,876 DEBUG [main] com.fixit.FixIt.FixItApplication - Running with Spring Boot v3.4.4, Spring v6.2.5
2025-04-03 10:21:12,881 INFO [main] com.fixit.FixIt.FixItApplication - No active profile set, falling back to 1 default profile: "default"
2025-04-03 10:21:14,655 INFO [main] o.s.b.w.e.tomcat.TomcatWebServer - Tomcat initialized with port 8000 (http)
2025-04-03 10:21:14,672 INFO [main] o.a.coyote.http11.Http11NioProtocol - Initializing ProtocolHandler ["http-nio-0.0.0.0-8000"]
2025-04-03 10:21:14,675 INFO [main] o.a.catalina.core.StandardService - Starting service [Tomcat]
2025-04-03 10:21:14,676 INFO [main] o.a.catalina.core.StandardEngine - Starting Servlet engine: [Apache Tomcat/10.1.39]
2025-04-03 10:21:14,736 INFO [main] o.a.c.c.C.[Tomcat].[localhost].[/] - Initializing Spring embedded WebApplicationContext
2025-04-03 10:21:14,737 INFO [main] o.s.b.w.s.c.ServletWebServerApplicationContext - Root WebApplicationContext: initialization completed in 1678 ms
2025-04-03 10:21:14,828 DEBUG [main] c.f.F.s.FirebaseAuthenticationFilter - Filter 'firebaseAuthenticationFilter' configured for use
2025-04-03 10:21:14,852 INFO [main] c.f.FixIt.config.EnvironmentConfig - Validating environment variables...
2025-04-03 10:21:14,855 WARN [main] c.f.FixIt.config.EnvironmentConfig - Environment variable FIREBASE_PROJECT_ID not set, using default value
2025-04-03 10:21:14,856 WARN [main] c.f.FixIt.config.EnvironmentConfig - Environment variable FIREBASE_STORAGE_BUCKET not set, using default value
2025-04-03 10:21:14,858 WARN [main] c.f.FixIt.config.EnvironmentConfig - Environment variable FIREBASE_API_KEY not set, using default value
2025-04-03 10:21:14,858 WARN [main] c.f.FixIt.config.EnvironmentConfig - Environment variable JWT_EXPIRATION not set, using default value
2025-04-03 10:21:14,859 WARN [main] c.f.FixIt.config.EnvironmentConfig - Environment variable JWT_REFRESH_EXPIRATION not set, using default value
2025-04-03 10:21:14,860 INFO [main] c.f.FixIt.config.EnvironmentConfig - Environment validation complete
2025-04-03 10:21:14,966 INFO [main] c.fixit.FixIt.config.FirebaseConfig - Initializing Firebase application with projectId: fixit-a7775
2025-04-03 10:21:14,972 DEBUG [main] c.fixit.FixIt.config.FirebaseConfig - Attempting to load firebase-service-account.json
2025-04-03 10:21:14,974 DEBUG [main] c.fixit.FixIt.config.FirebaseConfig - Found service account file in classpath
2025-04-03 10:21:14,974 INFO [main] c.fixit.FixIt.config.FirebaseConfig - Successfully loaded Firebase service account credentials
2025-04-03 10:21:15,053 INFO [main] c.fixit.FixIt.config.FirebaseConfig - Firebase options configured successfully
2025-04-03 10:21:15,137 WARN [main] o.s.b.a.s.s.UserDetailsServiceAutoConfiguration - 

Using generated security password: 7033fb5f-879d-4ded-bd3a-7492e9cd79c5

This generated password is for development use only. Your security configuration must be updated before running your application in production.

2025-04-03 10:21:15,162 INFO [main] o.s.s.c.a.a.c.InitializeUserDetailsBeanManagerConfigurer$InitializeUserDetailsManagerConfigurer - Global AuthenticationManager configured with UserDetailsService bean with name inMemoryUserDetailsManager
2025-04-03 10:21:15,652 INFO [main] o.a.coyote.http11.Http11NioProtocol - Starting ProtocolHandler ["http-nio-0.0.0.0-8000"]
2025-04-03 10:21:15,692 INFO [main] o.s.b.w.e.tomcat.TomcatWebServer - Tomcat started on port 8000 (http) with context path '/'
2025-04-03 10:21:15,798 INFO [main] com.fixit.FixIt.FixItApplication - Started FixItApplication in 3.61 seconds (process running for 4.134)
2025-04-03 10:23:59,182 INFO [SpringApplicationShutdownHook] o.s.b.w.e.tomcat.GracefulShutdown - Commencing graceful shutdown. Waiting for active requests to complete
2025-04-03 10:23:59,193 INFO [tomcat-shutdown] o.s.b.w.e.tomcat.GracefulShutdown - Graceful shutdown complete
2025-04-03 10:26:21,580 INFO [background-preinit] o.h.validator.internal.util.Version - HV000001: Hibernate Validator 8.0.2.Final
2025-04-03 10:26:21,670 INFO [main] com.fixit.FixIt.FixItApplication - Starting FixItApplication using Java 23.0.2 with PID 12667 (/home/tarunkumar/projects/FixIt/target/classes started by tarunkumar in /home/tarunkumar/projects/FixIt)
2025-04-03 10:26:21,671 DEBUG [main] com.fixit.FixIt.FixItApplication - Running with Spring Boot v3.4.4, Spring v6.2.5
2025-04-03 10:26:21,674 INFO [main] com.fixit.FixIt.FixItApplication - No active profile set, falling back to 1 default profile: "default"
2025-04-03 10:26:23,235 INFO [main] o.s.b.w.e.tomcat.TomcatWebServer - Tomcat initialized with port 8000 (http)
2025-04-03 10:26:23,253 INFO [main] o.a.coyote.http11.Http11NioProtocol - Initializing ProtocolHandler ["http-nio-0.0.0.0-8000"]
2025-04-03 10:26:23,256 INFO [main] o.a.catalina.core.StandardService - Starting service [Tomcat]
2025-04-03 10:26:23,257 INFO [main] o.a.catalina.core.StandardEngine - Starting Servlet engine: [Apache Tomcat/10.1.39]
2025-04-03 10:26:23,337 INFO [main] o.a.c.c.C.[Tomcat].[localhost].[/] - Initializing Spring embedded WebApplicationContext
2025-04-03 10:26:23,339 INFO [main] o.s.b.w.s.c.ServletWebServerApplicationContext - Root WebApplicationContext: initialization completed in 1558 ms
2025-04-03 10:26:23,435 DEBUG [main] c.f.F.s.FirebaseAuthenticationFilter - Filter 'firebaseAuthenticationFilter' configured for use
2025-04-03 10:26:23,456 INFO [main] c.f.FixIt.config.EnvironmentConfig - Validating environment variables...
2025-04-03 10:26:23,456 INFO [main] c.f.FixIt.config.EnvironmentConfig - Configuration property 'firebase.project-id' is set to: fixit-a7775
2025-04-03 10:26:23,456 INFO [main] c.f.FixIt.config.EnvironmentConfig - Configuration property 'firebase.storage-bucket' is set to: fixit-a7775.firebasestorage.app
2025-04-03 10:26:23,457 INFO [main] c.f.FixIt.config.EnvironmentConfig - Configuration property 'firebase.api-key' is set to: AIzaSyAV0e3t0bAGqXQ-Urz8pgFAk2g3mDLLAtY
2025-04-03 10:26:23,457 INFO [main] c.f.FixIt.config.EnvironmentConfig - Configuration property 'jwt.expiration' is set to: 86400000
2025-04-03 10:26:23,457 INFO [main] c.f.FixIt.config.EnvironmentConfig - Configuration property 'jwt.refresh-expiration' is set to: 604800000
2025-04-03 10:26:23,457 INFO [main] c.f.FixIt.config.EnvironmentConfig - Environment validation complete
2025-04-03 10:26:23,529 INFO [main] c.fixit.FixIt.config.FirebaseConfig - Initializing Firebase application with projectId: fixit-a7775
2025-04-03 10:26:23,535 DEBUG [main] c.fixit.FixIt.config.FirebaseConfig - Attempting to load firebase-service-account.json
2025-04-03 10:26:23,535 DEBUG [main] c.fixit.FixIt.config.FirebaseConfig - Found service account file in classpath
2025-04-03 10:26:23,536 INFO [main] c.fixit.FixIt.config.FirebaseConfig - Successfully loaded Firebase service account credentials
2025-04-03 10:26:23,604 INFO [main] c.fixit.FixIt.config.FirebaseConfig - Firebase options configured successfully
2025-04-03 10:26:23,686 WARN [main] o.s.b.a.s.s.UserDetailsServiceAutoConfiguration - 

Using generated security password: 13008df0-a281-495f-8d6b-48482fdee6fc

This generated password is for development use only. Your security configuration must be updated before running your application in production.

2025-04-03 10:26:23,712 INFO [main] o.s.s.c.a.a.c.InitializeUserDetailsBeanManagerConfigurer$InitializeUserDetailsManagerConfigurer - Global AuthenticationManager configured with UserDetailsService bean with name inMemoryUserDetailsManager
2025-04-03 10:26:24,215 INFO [main] o.a.coyote.http11.Http11NioProtocol - Starting ProtocolHandler ["http-nio-0.0.0.0-8000"]
2025-04-03 10:26:24,265 INFO [main] o.s.b.w.e.tomcat.TomcatWebServer - Tomcat started on port 8000 (http) with context path '/'
2025-04-03 10:26:24,278 INFO [main] com.fixit.FixIt.FixItApplication - Started FixItApplication in 3.514 seconds (process running for 4.191)
2025-04-03 10:26:59,085 INFO [background-preinit] o.h.validator.internal.util.Version - HV000001: Hibernate Validator 8.0.2.Final
2025-04-03 10:26:59,149 INFO [main] com.fixit.FixIt.FixItApplication - Starting FixItApplication using Java 23.0.2 with PID 12898 (/home/tarunkumar/projects/FixIt/target/classes started by tarunkumar in /home/tarunkumar/projects/FixIt)
2025-04-03 10:26:59,150 DEBUG [main] com.fixit.FixIt.FixItApplication - Running with Spring Boot v3.4.4, Spring v6.2.5
2025-04-03 10:26:59,151 INFO [main] com.fixit.FixIt.FixItApplication - No active profile set, falling back to 1 default profile: "default"
2025-04-03 10:27:00,845 INFO [main] o.s.b.w.e.tomcat.TomcatWebServer - Tomcat initialized with port 8000 (http)
2025-04-03 10:27:00,864 INFO [main] o.a.coyote.http11.Http11NioProtocol - Initializing ProtocolHandler ["http-nio-0.0.0.0-8000"]
2025-04-03 10:27:00,868 INFO [main] o.a.catalina.core.StandardService - Starting service [Tomcat]
2025-04-03 10:27:00,868 INFO [main] o.a.catalina.core.StandardEngine - Starting Servlet engine: [Apache Tomcat/10.1.39]
2025-04-03 10:27:00,929 INFO [main] o.a.c.c.C.[Tomcat].[localhost].[/] - Initializing Spring embedded WebApplicationContext
2025-04-03 10:27:00,931 INFO [main] o.s.b.w.s.c.ServletWebServerApplicationContext - Root WebApplicationContext: initialization completed in 1609 ms
2025-04-03 10:27:01,012 DEBUG [main] c.f.F.s.FirebaseAuthenticationFilter - Filter 'firebaseAuthenticationFilter' configured for use
2025-04-03 10:27:01,031 INFO [main] c.f.FixIt.config.EnvironmentConfig - Validating environment variables...
2025-04-03 10:27:01,031 INFO [main] c.f.FixIt.config.EnvironmentConfig - Configuration property 'firebase.project-id' is set to: fixit-a7775
2025-04-03 10:27:01,032 INFO [main] c.f.FixIt.config.EnvironmentConfig - Configuration property 'firebase.storage-bucket' is set to: fixit-a7775.firebasestorage.app
2025-04-03 10:27:01,032 INFO [main] c.f.FixIt.config.EnvironmentConfig - Configuration property 'firebase.api-key' is set to: AIzaSyAV0e3t0bAGqXQ-Urz8pgFAk2g3mDLLAtY
2025-04-03 10:27:01,032 INFO [main] c.f.FixIt.config.EnvironmentConfig - Configuration property 'jwt.expiration' is set to: 86400000
2025-04-03 10:27:01,033 INFO [main] c.f.FixIt.config.EnvironmentConfig - Configuration property 'jwt.refresh-expiration' is set to: 604800000
2025-04-03 10:27:01,034 INFO [main] c.f.FixIt.config.EnvironmentConfig - Environment validation complete
2025-04-03 10:27:01,110 INFO [main] c.fixit.FixIt.config.FirebaseConfig - Initializing Firebase application with projectId: fixit-a7775
2025-04-03 10:27:01,118 DEBUG [main] c.fixit.FixIt.config.FirebaseConfig - Attempting to load firebase-service-account.json
2025-04-03 10:27:01,119 DEBUG [main] c.fixit.FixIt.config.FirebaseConfig - Found service account file in classpath
2025-04-03 10:27:01,120 INFO [main] c.fixit.FixIt.config.FirebaseConfig - Successfully loaded Firebase service account credentials
2025-04-03 10:27:01,208 INFO [main] c.fixit.FixIt.config.FirebaseConfig - Firebase options configured successfully
2025-04-03 10:27:01,301 WARN [main] o.s.b.a.s.s.UserDetailsServiceAutoConfiguration - 

Using generated security password: 8a40ad88-11e6-449c-9eed-5442327d8129

This generated password is for development use only. Your security configuration must be updated before running your application in production.

2025-04-03 10:27:01,331 INFO [main] o.s.s.c.a.a.c.InitializeUserDetailsBeanManagerConfigurer$InitializeUserDetailsManagerConfigurer - Global AuthenticationManager configured with UserDetailsService bean with name inMemoryUserDetailsManager
2025-04-03 10:27:01,909 INFO [main] o.a.coyote.http11.Http11NioProtocol - Starting ProtocolHandler ["http-nio-0.0.0.0-8000"]
2025-04-03 10:27:01,926 WARN [main] o.s.b.w.s.c.AnnotationConfigServletWebServerApplicationContext - Exception encountered during context initialization - cancelling refresh attempt: org.springframework.context.ApplicationContextException: Failed to start bean 'webServerStartStop'
2025-04-03 10:27:01,949 INFO [main] o.s.b.a.l.ConditionEvaluationReportLogger - 

Error starting ApplicationContext. To display the condition evaluation report re-run your application with 'debug' enabled.
2025-04-03 10:27:01,991 ERROR [main] o.s.b.d.LoggingFailureAnalysisReporter - 

***************************
APPLICATION FAILED TO START
***************************

Description:

Web server failed to start. Port 8000 was already in use.

Action:

Identify and stop the process that's listening on port 8000 or configure this application to listen on another port.

2025-04-03 10:27:13,985 INFO [SpringApplicationShutdownHook] o.s.b.w.e.tomcat.GracefulShutdown - Commencing graceful shutdown. Waiting for active requests to complete
2025-04-03 10:27:13,995 INFO [tomcat-shutdown] o.s.b.w.e.tomcat.GracefulShutdown - Graceful shutdown complete
2025-04-03 10:27:36,073 INFO [background-preinit] o.h.validator.internal.util.Version - HV000001: Hibernate Validator 8.0.2.Final
2025-04-03 10:27:36,192 INFO [main] com.fixit.FixIt.FixItApplication - Starting FixItApplication using Java 23.0.2 with PID 13349 (/home/tarunkumar/projects/FixIt/target/classes started by tarunkumar in /home/tarunkumar/projects/FixIt)
2025-04-03 10:27:36,195 DEBUG [main] com.fixit.FixIt.FixItApplication - Running with Spring Boot v3.4.4, Spring v6.2.5
2025-04-03 10:27:36,198 INFO [main] com.fixit.FixIt.FixItApplication - No active profile set, falling back to 1 default profile: "default"
2025-04-03 10:27:37,761 INFO [main] o.s.b.w.e.tomcat.TomcatWebServer - Tomcat initialized with port 8000 (http)
2025-04-03 10:27:37,778 INFO [main] o.a.coyote.http11.Http11NioProtocol - Initializing ProtocolHandler ["http-nio-0.0.0.0-8000"]
2025-04-03 10:27:37,781 INFO [main] o.a.catalina.core.StandardService - Starting service [Tomcat]
2025-04-03 10:27:37,782 INFO [main] o.a.catalina.core.StandardEngine - Starting Servlet engine: [Apache Tomcat/10.1.39]
2025-04-03 10:27:37,840 INFO [main] o.a.c.c.C.[Tomcat].[localhost].[/] - Initializing Spring embedded WebApplicationContext
2025-04-03 10:27:37,842 INFO [main] o.s.b.w.s.c.ServletWebServerApplicationContext - Root WebApplicationContext: initialization completed in 1491 ms
2025-04-03 10:27:37,915 DEBUG [main] c.f.F.s.FirebaseAuthenticationFilter - Filter 'firebaseAuthenticationFilter' configured for use
2025-04-03 10:27:37,933 INFO [main] c.f.FixIt.config.EnvironmentConfig - Validating environment variables...
2025-04-03 10:27:37,934 INFO [main] c.f.FixIt.config.EnvironmentConfig - Configuration property 'firebase.project-id' is set to: fixit-a7775
2025-04-03 10:27:37,935 INFO [main] c.f.FixIt.config.EnvironmentConfig - Configuration property 'firebase.storage-bucket' is set to: fixit-a7775.firebasestorage.app
2025-04-03 10:27:37,935 INFO [main] c.f.FixIt.config.EnvironmentConfig - Configuration property 'firebase.api-key' is set to: AIzaSyAV0e3t0bAGqXQ-Urz8pgFAk2g3mDLLAtY
2025-04-03 10:27:37,935 INFO [main] c.f.FixIt.config.EnvironmentConfig - Configuration property 'jwt.expiration' is set to: 86400000
2025-04-03 10:27:37,936 INFO [main] c.f.FixIt.config.EnvironmentConfig - Configuration property 'jwt.refresh-expiration' is set to: 604800000
2025-04-03 10:27:37,937 INFO [main] c.f.FixIt.config.EnvironmentConfig - Environment validation complete
2025-04-03 10:27:38,025 INFO [main] c.fixit.FixIt.config.FirebaseConfig - Initializing Firebase application with projectId: fixit-a7775
2025-04-03 10:27:38,032 DEBUG [main] c.fixit.FixIt.config.FirebaseConfig - Attempting to load firebase-service-account.json
2025-04-03 10:27:38,033 DEBUG [main] c.fixit.FixIt.config.FirebaseConfig - Found service account file in classpath
2025-04-03 10:27:38,034 INFO [main] c.fixit.FixIt.config.FirebaseConfig - Successfully loaded Firebase service account credentials
2025-04-03 10:27:38,100 INFO [main] c.fixit.FixIt.config.FirebaseConfig - Firebase options configured successfully
2025-04-03 10:27:38,179 WARN [main] o.s.b.a.s.s.UserDetailsServiceAutoConfiguration - 

Using generated security password: 54ca6f2d-9725-4ef8-8dc1-4a4c7c22d2aa

This generated password is for development use only. Your security configuration must be updated before running your application in production.

2025-04-03 10:27:38,205 INFO [main] o.s.s.c.a.a.c.InitializeUserDetailsBeanManagerConfigurer$InitializeUserDetailsManagerConfigurer - Global AuthenticationManager configured with UserDetailsService bean with name inMemoryUserDetailsManager
2025-04-03 10:27:38,722 INFO [main] o.a.coyote.http11.Http11NioProtocol - Starting ProtocolHandler ["http-nio-0.0.0.0-8000"]
2025-04-03 10:27:38,798 INFO [main] o.s.b.w.e.tomcat.TomcatWebServer - Tomcat started on port 8000 (http) with context path '/'
2025-04-03 10:27:38,840 INFO [main] com.fixit.FixIt.FixItApplication - Started FixItApplication in 3.454 seconds (process running for 4.093)
2025-04-03 10:27:42,195 INFO [SpringApplicationShutdownHook] o.s.b.w.e.tomcat.GracefulShutdown - Commencing graceful shutdown. Waiting for active requests to complete
2025-04-03 10:27:42,204 INFO [tomcat-shutdown] o.s.b.w.e.tomcat.GracefulShutdown - Graceful shutdown complete
